<?xml version="1.0" encoding="UTF-8"?>
<testng-results ignored="0" total="1" passed="1" failed="0" skipped="0">
  <reporter-output>
  </reporter-output>
  <suite started-at="2022-09-21T16:40:13 IST" name="Default suite" finished-at="2022-09-21T16:40:13 IST" duration-ms="46">
    <groups>
    </groups>
    <test started-at="2022-09-21T16:40:13 IST" name="Default test" finished-at="2022-09-21T16:40:13 IST" duration-ms="46">
      <class name="Practice.ContactTest">
        <test-method signature="contact()[pri:0, instance:Practice.ContactTest@dd0c991]" started-at="2022-09-21T16:40:13 IST" name="contact" finished-at="2022-09-21T16:40:13 IST" duration-ms="9" status="PASS">
          <reporter-output>
          </reporter-output>
        </test-method> <!-- contact -->
      </class> <!-- Practice.ContactTest -->
    </test> <!-- Default test -->
  </suite> <!-- Default suite -->
</testng-results>
